--progress is a global compose flag, better use `docker compose --progress xx build ...
time="2025-12-16T13:05:52+02:00" level=warning msg="/home/sameh/my-traveler-compyle-airline-booking-frontend/docker-compose.yml: the attribute `version` is obsolete, it will be ignored, please remove it to avoid potential confusion"
#1 [internal] load local bake definitions
#1 reading from stdin 1.30kB done
#1 DONE 0.0s

#2 [internal] load build definition from Dockerfile
#2 transferring dockerfile: 2.93kB done
#2 DONE 0.0s

#3 [internal] load metadata for docker.io/library/node:18-alpine
#3 DONE 1.7s

#4 [internal] load .dockerignore
#4 transferring context: 2B done
#4 DONE 0.0s

#5 [base 1/6] FROM docker.io/library/node:18-alpine@sha256:8d6421d663b4c28fd3ebc498332f249011d118945588d0a35cb9bc4b8ca09d9e
#5 resolve docker.io/library/node:18-alpine@sha256:8d6421d663b4c28fd3ebc498332f249011d118945588d0a35cb9bc4b8ca09d9e 0.0s done
#5 CACHED

#6 [internal] load build context
#6 transferring context: 315.76kB 80.2s
#6 transferring context: 3.40MB 82.3s done
#6 DONE 82.3s

#7 [base 2/6] RUN apk add --no-cache libc6-compat
#7 80.45 fetch https://dl-cdn.alpinelinux.org/alpine/v3.21/main/x86_64/APKINDEX.tar.gz
#7 89.54 fetch https://dl-cdn.alpinelinux.org/alpine/v3.21/community/x86_64/APKINDEX.tar.gz
#7 95.33 (1/3) Installing musl-obstack (1.2.3-r2)
#7 96.11 (2/3) Installing libucontext (1.3.2-r0)
#7 16.67 (3/3) Installing gcompat (1.1.0-r4)
#7 16.87 OK: 10 MiB in 20 packages
#7 DONE 17.0s

#8 [base 3/6] WORKDIR /app
#8 DONE 0.1s

#9 [base 4/6] COPY package*.json ./
#9 DONE 0.3s

#10 [base 5/6] COPY package-lock.json ./
#10 DONE 0.1s

#11 [base 6/6] RUN npm install --frozen-lockfile
#11 173.6 npm warn deprecated inflight@1.0.6: This module is not supported, and leaks memory. Do not use it. Check out lru-cache if you want a good and tested way to coalesce async requests by a key value, which is much more comprehensive and powerful.
#11 189.5 npm warn deprecated domexception@4.0.0: Use your platform's native DOMException instead
#11 277.0 npm warn deprecated abab@2.0.6: Use your platform's native atob() and btoa() methods instead
#11 380.7 npm warn deprecated glob@7.2.3: Glob versions prior to v9 are no longer supported
#11 386.8 npm warn deprecated glob@7.2.3: Glob versions prior to v9 are no longer supported
#11 310.3 npm warn deprecated glob@7.2.3: Glob versions prior to v9 are no longer supported
#11 316.9 npm warn deprecated glob@7.2.3: Glob versions prior to v9 are no longer supported
#11 630.3 npm error code ECONNRESET
#11 630.3 npm error network aborted
#11 630.3 npm error network This is a problem related to network connectivity.
#11 630.3 npm error network In most cases you are behind a proxy or have bad network settings.
#11 630.3 npm error network
#11 630.3 npm error network If you are behind a proxy, please make sure that the
#11 630.3 npm error network 'proxy' config is set properly.  See: 'npm help config'
#11 630.3 npm notice
#11 630.3 npm notice New major version of npm available! 10.8.2 -> 11.7.0
#11 630.3 npm notice Changelog: https://github.com/npm/cli/releases/tag/v11.7.0
#11 630.3 npm notice To update run: npm install -g npm@11.7.0
#11 630.3 npm notice
#11 630.3 npm error A complete log of this run can be found in: /root/.npm/_logs/2025-12-16T11_06_12_316Z-debug-0.log
#11 ERROR: process "/bin/sh -c npm install --frozen-lockfile" did not complete successfully: exit code: 1
------
 > [base 6/6] RUN npm install --frozen-lockfile:
630.3 npm error network In most cases you are behind a proxy or have bad network settings.
630.3 npm error network
630.3 npm error network If you are behind a proxy, please make sure that the
630.3 npm error network 'proxy' config is set properly.  See: 'npm help config'
630.3 npm notice
630.3 npm notice New major version of npm available! 10.8.2 -> 11.7.0
630.3 npm notice Changelog: https://github.com/npm/cli/releases/tag/v11.7.0
630.3 npm notice To update run: npm install -g npm@11.7.0
630.3 npm notice
630.3 npm error A complete log of this run can be found in: /root/.npm/_logs/2025-12-16T11_06_12_316Z-debug-0.log
------
Dockerfile:16

--------------------

  14 |     

  15 |     # Install dependencies

  16 | >>> RUN npm install --frozen-lockfile

  17 |     

  18 |     # =======================================

--------------------

failed to solve: process "/bin/sh -c npm install --frozen-lockfile" did not complete successfully: exit code: 1

