2025/12/19 00:05:15 [emerg] 1#1: invalid use_temp_path value "use_temp_path=/tmp/nginx_temp_cache", it must be "on" or "off" in /etc/nginx/conf.d/default.conf:6
2025/12/19 00:05:16 [emerg] 1#1: invalid use_temp_path value "use_temp_path=/tmp/nginx_temp_cache", it must be "on" or "off" in /etc/nginx/conf.d/default.conf:6
2025/12/19 00:05:16 [emerg] 1#1: invalid use_temp_path value "use_temp_path=/tmp/nginx_temp_cache", it must be "on" or "off" in /etc/nginx/conf.d/default.conf:6
2025/12/19 00:05:17 [emerg] 1#1: invalid use_temp_path value "use_temp_path=/tmp/nginx_temp_cache", it must be "on" or "off" in /etc/nginx/conf.d/default.conf:6
2025/12/19 00:05:18 [emerg] 1#1: invalid use_temp_path value "use_temp_path=/tmp/nginx_temp_cache", it must be "on" or "off" in /etc/nginx/conf.d/default.conf:6
2025/12/19 00:05:20 [emerg] 1#1: invalid use_temp_path value "use_temp_path=/tmp/nginx_temp_cache", it must be "on" or "off" in /etc/nginx/conf.d/default.conf:6
2025/12/19 00:05:23 [emerg] 1#1: invalid use_temp_path value "use_temp_path=/tmp/nginx_temp_cache", it must be "on" or "off" in /etc/nginx/conf.d/default.conf:6
2025/12/19 00:05:30 [emerg] 1#1: invalid use_temp_path value "use_temp_path=/tmp/nginx_temp_cache", it must be "on" or "off" in /etc/nginx/conf.d/default.conf:6
2025/12/19 00:05:43 [emerg] 1#1: invalid use_temp_path value "use_temp_path=/tmp/nginx_temp_cache", it must be "on" or "off" in /etc/nginx/conf.d/default.conf:6
2025/12/19 00:07:31 [emerg] 1#1: invalid use_temp_path value "use_temp_path=/tmp/nginx_temp_cache", it must be "on" or "off" in /etc/nginx/conf.d/default.conf:6
2025/12/19 00:06:42 [emerg] 1#1: "log_format" directive is not allowed here in /etc/nginx/conf.d/default.conf:73
2025/12/19 00:06:43 [emerg] 1#1: "log_format" directive is not allowed here in /etc/nginx/conf.d/default.conf:73
2025/12/19 00:06:44 [emerg] 1#1: "log_format" directive is not allowed here in /etc/nginx/conf.d/default.conf:73
2025/12/19 00:06:44 [emerg] 1#1: "log_format" directive is not allowed here in /etc/nginx/conf.d/default.conf:73
2025/12/19 00:06:45 [emerg] 1#1: "log_format" directive is not allowed here in /etc/nginx/conf.d/default.conf:73
2025/12/19 00:06:47 [emerg] 1#1: "log_format" directive is not allowed here in /etc/nginx/conf.d/default.conf:73
2025/12/19 00:06:51 [emerg] 1#1: "log_format" directive is not allowed here in /etc/nginx/conf.d/default.conf:73
2025/12/19 00:06:57 [emerg] 1#1: "log_format" directive is not allowed here in /etc/nginx/conf.d/default.conf:73
2025/12/19 00:07:10 [emerg] 1#1: "log_format" directive is not allowed here in /etc/nginx/conf.d/default.conf:73
2025/12/19 00:07:36 [emerg] 1#1: "log_format" directive is not allowed here in /etc/nginx/conf.d/default.conf:73
2025/12/19 00:09:24 [emerg] 1#1: unknown directive "gunzip_static" in /etc/nginx/conf.d/default.conf:198
2025/12/19 00:09:24 [emerg] 1#1: unknown directive "gunzip_static" in /etc/nginx/conf.d/default.conf:198
2025/12/19 00:09:25 [emerg] 1#1: unknown directive "gunzip_static" in /etc/nginx/conf.d/default.conf:198
2025/12/19 00:09:26 [emerg] 1#1: unknown directive "gunzip_static" in /etc/nginx/conf.d/default.conf:198
2025/12/19 00:09:27 [emerg] 1#1: unknown directive "gunzip_static" in /etc/nginx/conf.d/default.conf:198
2025/12/19 00:09:29 [emerg] 1#1: unknown directive "gunzip_static" in /etc/nginx/conf.d/default.conf:198
2025/12/19 00:09:32 [emerg] 1#1: unknown directive "gunzip_static" in /etc/nginx/conf.d/default.conf:198
2025/12/19 00:08:16 [emerg] 1#1: unknown directive "gunzip_static" in /etc/nginx/conf.d/default.conf:198
2025/12/19 00:08:29 [notice] 1#1: using the "epoll" event method
2025/12/19 00:08:29 [notice] 1#1: nginx/1.29.3
2025/12/19 00:08:29 [notice] 1#1: built by gcc 14.2.0 (Alpine 14.2.0) 
2025/12/19 00:08:29 [notice] 1#1: OS: Linux 6.6.87.2-microsoft-standard-WSL2
2025/12/19 00:08:29 [notice] 1#1: getrlimit(RLIMIT_NOFILE): 1048576:1048576
2025/12/19 00:08:29 [notice] 1#1: start worker processes
2025/12/19 00:08:29 [notice] 1#1: start worker process 21
2025/12/19 00:08:29 [notice] 1#1: start worker process 22
2025/12/19 00:08:29 [notice] 1#1: start worker process 23
2025/12/19 00:08:29 [notice] 1#1: start worker process 24
2025/12/19 00:08:29 [notice] 1#1: start worker process 25
2025/12/19 00:08:29 [notice] 1#1: start worker process 26
2025/12/19 00:08:29 [notice] 1#1: start worker process 27
2025/12/19 00:08:29 [notice] 1#1: start worker process 28
2025/12/19 00:08:29 [notice] 1#1: start worker process 29
2025/12/19 00:08:29 [notice] 1#1: start worker process 30
2025/12/19 00:08:29 [notice] 1#1: start worker process 31
2025/12/19 00:08:29 [notice] 1#1: start worker process 32
2025/12/19 00:08:29 [notice] 1#1: start worker process 33
2025/12/19 00:08:29 [notice] 1#1: start worker process 34
2025/12/19 00:08:29 [notice] 1#1: start worker process 35
2025/12/19 00:08:29 [notice] 1#1: start worker process 36
2025/12/19 00:08:29 [notice] 1#1: start worker process 37
2025/12/19 00:08:29 [notice] 1#1: start worker process 38
2025/12/19 00:08:29 [notice] 1#1: start worker process 39
2025/12/19 00:08:29 [notice] 1#1: start worker process 40
2025/12/19 00:08:29 [notice] 1#1: start worker process 41
2025/12/19 00:08:29 [notice] 1#1: start worker process 42
2025/12/19 00:08:29 [notice] 1#1: start worker process 43
2025/12/19 00:08:29 [notice] 1#1: start worker process 44
2025/12/19 00:08:29 [notice] 1#1: start worker process 45
2025/12/19 00:08:29 [notice] 1#1: start worker process 46
2025/12/19 00:08:29 [notice] 1#1: start worker process 47
2025/12/19 00:08:29 [notice] 1#1: start worker process 48
2025/12/19 00:08:29 [notice] 1#1: start worker process 49
2025/12/19 00:08:29 [notice] 1#1: start worker process 50
2025/12/19 00:08:29 [notice] 1#1: start worker process 51
2025/12/19 00:08:29 [notice] 1#1: start worker process 52
2025/12/19 00:08:39 [notice] 1#1: signal 3 (SIGQUIT) received, shutting down
2025/12/19 00:08:39 [notice] 28#28: gracefully shutting down
2025/12/19 00:08:39 [notice] 36#36: gracefully shutting down
2025/12/19 00:08:39 [notice] 28#28: exiting
2025/12/19 00:08:39 [notice] 36#36: exiting
2025/12/19 00:08:39 [notice] 38#38: gracefully shutting down
2025/12/19 00:08:39 [notice] 34#34: gracefully shutting down
2025/12/19 00:08:39 [notice] 38#38: exiting
2025/12/19 00:08:39 [notice] 34#34: exiting
2025/12/19 00:08:39 [notice] 40#40: gracefully shutting down
2025/12/19 00:08:39 [notice] 41#41: gracefully shutting down
2025/12/19 00:08:39 [notice] 42#42: gracefully shutting down
2025/12/19 00:08:39 [notice] 40#40: exiting
2025/12/19 00:08:39 [notice] 41#41: exiting
2025/12/19 00:08:39 [notice] 39#39: gracefully shutting down
2025/12/19 00:08:39 [notice] 42#42: exiting
2025/12/19 00:08:39 [notice] 39#39: exiting
2025/12/19 00:08:39 [notice] 43#43: gracefully shutting down
2025/12/19 00:08:39 [notice] 43#43: exiting
2025/12/19 00:08:39 [notice] 36#36: exit
2025/12/19 00:08:39 [notice] 34#34: exit
2025/12/19 00:08:39 [notice] 29#29: gracefully shutting down
2025/12/19 00:08:39 [notice] 40#40: exit
2025/12/19 00:08:39 [notice] 30#30: gracefully shutting down
2025/12/19 00:08:39 [notice] 23#23: gracefully shutting down
2025/12/19 00:08:39 [notice] 30#30: exiting
2025/12/19 00:08:39 [notice] 24#24: gracefully shutting down
2025/12/19 00:08:39 [notice] 24#24: exiting
2025/12/19 00:08:39 [notice] 27#27: gracefully shutting down
2025/12/19 00:08:39 [notice] 30#30: exit
2025/12/19 00:08:39 [notice] 24#24: exit
2025/12/19 00:08:39 [notice] 31#31: gracefully shutting down
2025/12/19 00:08:39 [notice] 31#31: exiting
2025/12/19 00:08:39 [notice] 22#22: gracefully shutting down
2025/12/19 00:08:39 [notice] 22#22: exiting
2025/12/19 00:08:39 [notice] 25#25: gracefully shutting down
2025/12/19 00:08:39 [notice] 31#31: exit
2025/12/19 00:08:39 [notice] 25#25: exiting
2025/12/19 00:08:39 [notice] 22#22: exit
2025/12/19 00:08:39 [notice] 25#25: exit
2025/12/19 00:08:39 [notice] 26#26: gracefully shutting down
2025/12/19 00:08:39 [notice] 21#21: gracefully shutting down
2025/12/19 00:08:39 [notice] 35#35: gracefully shutting down
2025/12/19 00:08:39 [notice] 21#21: exiting
2025/12/19 00:08:39 [notice] 35#35: exiting
2025/12/19 00:08:39 [notice] 38#38: exit
2025/12/19 00:08:39 [notice] 37#37: gracefully shutting down
2025/12/19 00:08:39 [notice] 21#21: exit
2025/12/19 00:08:39 [notice] 35#35: exit
2025/12/19 00:08:39 [notice] 41#41: exit
2025/12/19 00:08:39 [notice] 37#37: exiting
2025/12/19 00:08:39 [notice] 27#27: exiting
2025/12/19 00:08:39 [notice] 51#51: gracefully shutting down
2025/12/19 00:08:39 [notice] 51#51: exiting
2025/12/19 00:08:39 [notice] 37#37: exit
2025/12/19 00:08:39 [notice] 51#51: exit
2025/12/19 00:08:39 [notice] 27#27: exit
2025/12/19 00:08:39 [notice] 45#45: gracefully shutting down
2025/12/19 00:08:39 [notice] 45#45: exiting
2025/12/19 00:08:39 [notice] 45#45: exit
2025/12/19 00:08:39 [notice] 44#44: gracefully shutting down
2025/12/19 00:08:39 [notice] 44#44: exiting
2025/12/19 00:08:39 [notice] 46#46: gracefully shutting down
2025/12/19 00:08:39 [notice] 47#47: gracefully shutting down
2025/12/19 00:08:39 [notice] 46#46: exiting
2025/12/19 00:08:39 [notice] 47#47: exiting
2025/12/19 00:08:39 [notice] 48#48: gracefully shutting down
2025/12/19 00:08:39 [notice] 49#49: gracefully shutting down
2025/12/19 00:08:39 [notice] 48#48: exiting
2025/12/19 00:08:39 [notice] 50#50: gracefully shutting down
2025/12/19 00:08:39 [notice] 46#46: exit
2025/12/19 00:08:39 [notice] 49#49: exiting
2025/12/19 00:08:39 [notice] 44#44: exit
2025/12/19 00:08:39 [notice] 52#52: gracefully shutting down
2025/12/19 00:08:39 [notice] 50#50: exiting
2025/12/19 00:08:39 [notice] 32#32: gracefully shutting down
2025/12/19 00:08:39 [notice] 47#47: exit
2025/12/19 00:08:39 [notice] 52#52: exiting
2025/12/19 00:08:39 [notice] 1#1: signal 17 (SIGCHLD) received from 36
2025/12/19 00:08:39 [notice] 32#32: exiting
2025/12/19 00:08:39 [notice] 1#1: worker process 22 exited with code 0
2025/12/19 00:08:39 [notice] 1#1: worker process 24 exited with code 0
2025/12/19 00:08:39 [notice] 1#1: worker process 25 exited with code 0
2025/12/19 00:08:39 [notice] 1#1: worker process 30 exited with code 0
2025/12/19 00:08:39 [notice] 1#1: worker process 31 exited with code 0
2025/12/19 00:08:39 [notice] 1#1: worker process 34 exited with code 0
2025/12/19 00:08:39 [notice] 1#1: worker process 36 exited with code 0
2025/12/19 00:08:39 [notice] 1#1: worker process 40 exited with code 0
2025/12/19 00:08:39 [notice] 28#28: exit
2025/12/19 00:08:39 [notice] 48#48: exit
2025/12/19 00:08:39 [notice] 50#50: exit
2025/12/19 00:08:39 [notice] 52#52: exit
2025/12/19 00:08:39 [notice] 49#49: exit
2025/12/19 00:08:39 [notice] 32#32: exit
2025/12/19 00:08:39 [notice] 29#29: exiting
2025/12/19 00:08:40 [notice] 1#1: signal 29 (SIGIO) received
2025/12/19 00:08:40 [notice] 1#1: signal 17 (SIGCHLD) received from 34
2025/12/19 00:08:39 [notice] 26#26: exiting
2025/12/19 00:08:39 [notice] 33#33: gracefully shutting down
2025/12/19 00:08:39 [notice] 39#39: exit
2025/12/19 00:08:39 [notice] 33#33: exiting
2025/12/19 00:08:39 [notice] 29#29: exit
2025/12/19 00:08:39 [notice] 26#26: exit
2025/12/19 00:08:39 [notice] 33#33: exit
2025/12/19 00:08:39 [notice] 43#43: exit
2025/12/19 00:08:39 [notice] 42#42: exit
2025/12/19 00:08:40 [notice] 1#1: signal 17 (SIGCHLD) received from 27
2025/12/19 00:08:40 [notice] 1#1: worker process 21 exited with code 0
2025/12/19 00:08:40 [notice] 1#1: worker process 27 exited with code 0
2025/12/19 00:08:40 [notice] 1#1: worker process 35 exited with code 0
2025/12/19 00:08:40 [notice] 1#1: worker process 38 exited with code 0
2025/12/19 00:08:40 [notice] 1#1: worker process 41 exited with code 0
2025/12/19 00:08:40 [notice] 1#1: worker process 46 exited with code 0
2025/12/19 00:08:40 [notice] 1#1: worker process 51 exited with code 0
2025/12/19 00:08:39 [notice] 23#23: exiting
2025/12/19 00:08:40 [notice] 1#1: signal 29 (SIGIO) received
2025/12/19 00:08:40 [notice] 1#1: signal 17 (SIGCHLD) received from 37
2025/12/19 00:08:40 [notice] 1#1: worker process 37 exited with code 0
2025/12/19 00:08:40 [notice] 1#1: signal 29 (SIGIO) received
2025/12/19 00:08:39 [notice] 23#23: exit
2025/12/19 00:08:40 [notice] 1#1: signal 17 (SIGCHLD) received from 47
2025/12/19 00:08:40 [notice] 1#1: worker process 45 exited with code 0
2025/12/19 00:08:40 [notice] 1#1: worker process 47 exited with code 0
2025/12/19 00:08:40 [notice] 1#1: signal 29 (SIGIO) received
2025/12/19 00:08:40 [notice] 1#1: signal 17 (SIGCHLD) received from 39
2025/12/19 00:08:40 [notice] 1#1: worker process 39 exited with code 0
2025/12/19 00:08:40 [notice] 1#1: worker process 42 exited with code 0
2025/12/19 00:08:40 [notice] 1#1: worker process 44 exited with code 0
2025/12/19 00:08:40 [notice] 1#1: worker process 50 exited with code 0
2025/12/19 00:08:40 [notice] 1#1: signal 29 (SIGIO) received
2025/12/19 00:08:40 [notice] 1#1: signal 17 (SIGCHLD) received from 33
2025/12/19 00:08:40 [notice] 1#1: worker process 33 exited with code 0
2025/12/19 00:08:40 [notice] 1#1: signal 29 (SIGIO) received
2025/12/19 00:08:40 [notice] 1#1: signal 17 (SIGCHLD) received from 28
2025/12/19 00:08:40 [notice] 1#1: worker process 23 exited with code 0
2025/12/19 00:08:40 [notice] 1#1: worker process 28 exited with code 0
2025/12/19 00:08:40 [notice] 1#1: worker process 43 exited with code 0
2025/12/19 00:08:40 [notice] 1#1: signal 29 (SIGIO) received
2025/12/19 00:08:40 [notice] 1#1: signal 17 (SIGCHLD) received from 43
2025/12/19 00:08:40 [notice] 1#1: signal 17 (SIGCHLD) received from 52
2025/12/19 00:08:40 [notice] 1#1: worker process 52 exited with code 0
2025/12/19 00:08:40 [notice] 1#1: signal 29 (SIGIO) received
2025/12/19 00:08:40 [notice] 1#1: signal 17 (SIGCHLD) received from 26
2025/12/19 00:08:40 [notice] 1#1: worker process 26 exited with code 0
2025/12/19 00:08:40 [notice] 1#1: signal 29 (SIGIO) received
2025/12/19 00:08:40 [notice] 1#1: signal 17 (SIGCHLD) received from 48
2025/12/19 00:08:40 [notice] 1#1: worker process 29 exited with code 0
2025/12/19 00:08:40 [notice] 1#1: worker process 48 exited with code 0
2025/12/19 00:08:40 [notice] 1#1: signal 29 (SIGIO) received
2025/12/19 00:08:40 [notice] 1#1: signal 17 (SIGCHLD) received from 49
2025/12/19 00:08:40 [notice] 1#1: worker process 49 exited with code 0
2025/12/19 00:08:40 [notice] 1#1: signal 29 (SIGIO) received
2025/12/19 00:08:40 [notice] 1#1: signal 17 (SIGCHLD) received from 32
2025/12/19 00:08:40 [notice] 1#1: worker process 32 exited with code 0
2025/12/19 00:08:40 [notice] 1#1: exit
2025/12/19 00:08:40 [notice] 1#1: using the "epoll" event method
2025/12/19 00:08:40 [notice] 1#1: nginx/1.29.3
2025/12/19 00:08:40 [notice] 1#1: built by gcc 14.2.0 (Alpine 14.2.0) 
2025/12/19 00:08:40 [notice] 1#1: OS: Linux 6.6.87.2-microsoft-standard-WSL2
2025/12/19 00:08:40 [notice] 1#1: getrlimit(RLIMIT_NOFILE): 1048576:1048576
2025/12/19 00:08:40 [notice] 1#1: start worker processes
2025/12/19 00:08:40 [notice] 1#1: start worker process 21
2025/12/19 00:08:40 [notice] 1#1: start worker process 22
2025/12/19 00:08:40 [notice] 1#1: start worker process 23
2025/12/19 00:08:40 [notice] 1#1: start worker process 24
2025/12/19 00:08:40 [notice] 1#1: start worker process 25
2025/12/19 00:08:40 [notice] 1#1: start worker process 26
2025/12/19 00:08:40 [notice] 1#1: start worker process 27
2025/12/19 00:08:40 [notice] 1#1: start worker process 28
2025/12/19 00:08:40 [notice] 1#1: start worker process 29
2025/12/19 00:08:40 [notice] 1#1: start worker process 30
2025/12/19 00:08:40 [notice] 1#1: start worker process 31
2025/12/19 00:08:40 [notice] 1#1: start worker process 32
2025/12/19 00:08:40 [notice] 1#1: start worker process 33
2025/12/19 00:08:40 [notice] 1#1: start worker process 34
2025/12/19 00:08:40 [notice] 1#1: start worker process 35
2025/12/19 00:08:40 [notice] 1#1: start worker process 36
2025/12/19 00:08:40 [notice] 1#1: start worker process 37
2025/12/19 00:08:40 [notice] 1#1: start worker process 38
2025/12/19 00:08:40 [notice] 1#1: start worker process 39
2025/12/19 00:08:40 [notice] 1#1: start worker process 40
2025/12/19 00:08:40 [notice] 1#1: start worker process 41
2025/12/19 00:08:40 [notice] 1#1: start worker process 42
2025/12/19 00:08:40 [notice] 1#1: start worker process 43
2025/12/19 00:08:40 [notice] 1#1: start worker process 44
2025/12/19 00:08:40 [notice] 1#1: start worker process 45
2025/12/19 00:08:40 [notice] 1#1: start worker process 46
2025/12/19 00:08:40 [notice] 1#1: start worker process 47
2025/12/19 00:08:40 [notice] 1#1: start worker process 48
2025/12/19 00:08:40 [notice] 1#1: start worker process 49
2025/12/19 00:08:40 [notice] 1#1: start worker process 50
2025/12/19 00:08:40 [notice] 1#1: start worker process 51
2025/12/19 00:08:40 [notice] 1#1: start worker process 52
2025/12/19 00:25:24 [error] 22#22: *2 connect() failed (111: Connection refused) while connecting to upstream, client: 172.19.0.1, server: localhost, request: "GET / HTTP/1.1", upstream: "http://172.19.0.5:3000/", host: "localhost"
2025/12/19 00:25:24 [error] 22#22: *2 connect() failed (111: Connection refused) while connecting to upstream, client: 172.19.0.1, server: localhost, request: "GET /favicon.ico HTTP/1.1", upstream: "http://172.19.0.5:3000/favicon.ico", host: "localhost", referrer: "http://localhost/"
2025/12/19 00:25:28 [error] 22#22: *2 connect() failed (111: Connection refused) while connecting to upstream, client: 172.19.0.1, server: localhost, request: "GET / HTTP/1.1", upstream: "http://172.19.0.5:3000/", host: "localhost"
2025/12/19 00:25:28 [error] 22#22: *2 connect() failed (111: Connection refused) while connecting to upstream, client: 172.19.0.1, server: localhost, request: "GET /favicon.ico HTTP/1.1", upstream: "http://172.19.0.5:3000/favicon.ico", host: "localhost", referrer: "http://localhost/"
2025/12/19 00:25:53 [error] 22#22: *2 connect() failed (111: Connection refused) while connecting to upstream, client: 172.19.0.1, server: localhost, request: "GET / HTTP/1.1", upstream: "http://172.19.0.5:3000/", host: "localhost"
2025/12/19 00:25:54 [error] 22#22: *2 connect() failed (111: Connection refused) while connecting to upstream, client: 172.19.0.1, server: localhost, request: "GET /favicon.ico HTTP/1.1", upstream: "http://172.19.0.5:3000/favicon.ico", host: "localhost", referrer: "http://localhost/"
2025/12/19 00:28:40 [notice] 1#1: signal 3 (SIGQUIT) received, shutting down
2025/12/19 00:28:40 [notice] 22#22: gracefully shutting down
2025/12/19 00:28:40 [notice] 21#21: gracefully shutting down
2025/12/19 00:28:40 [notice] 23#23: gracefully shutting down
2025/12/19 00:28:40 [notice] 22#22: exiting
2025/12/19 00:28:40 [notice] 21#21: exiting
2025/12/19 00:28:40 [notice] 26#26: gracefully shutting down
2025/12/19 00:28:40 [notice] 30#30: gracefully shutting down
2025/12/19 00:28:40 [notice] 33#33: gracefully shutting down
2025/12/19 00:28:40 [notice] 31#31: gracefully shutting down
2025/12/19 00:28:40 [notice] 25#25: gracefully shutting down
2025/12/19 00:28:40 [notice] 26#26: exiting
2025/12/19 00:28:40 [notice] 35#35: gracefully shutting down
2025/12/19 00:28:40 [notice] 34#34: gracefully shutting down
2025/12/19 00:28:40 [notice] 36#36: gracefully shutting down
2025/12/19 00:28:40 [notice] 27#27: gracefully shutting down
2025/12/19 00:28:40 [notice] 39#39: gracefully shutting down
2025/12/19 00:28:40 [notice] 33#33: exiting
2025/12/19 00:28:40 [notice] 37#37: gracefully shutting down
2025/12/19 00:28:40 [notice] 35#35: exiting
2025/12/19 00:28:40 [notice] 30#30: exiting
2025/12/19 00:28:40 [notice] 27#27: exiting
2025/12/19 00:28:40 [notice] 43#43: gracefully shutting down
2025/12/19 00:28:40 [notice] 45#45: gracefully shutting down
2025/12/19 00:28:40 [notice] 44#44: gracefully shutting down
2025/12/19 00:28:40 [notice] 46#46: gracefully shutting down
2025/12/19 00:28:40 [notice] 48#48: gracefully shutting down
2025/12/19 00:28:40 [notice] 34#34: exiting
2025/12/19 00:28:40 [notice] 46#46: exiting
2025/12/19 00:28:40 [notice] 36#36: exiting
2025/12/19 00:28:40 [notice] 43#43: exiting
2025/12/19 00:28:40 [notice] 25#25: exiting
2025/12/19 00:28:40 [notice] 45#45: exiting
2025/12/19 00:28:40 [notice] 44#44: exiting
2025/12/19 00:28:40 [notice] 37#37: exiting
2025/12/19 00:28:40 [notice] 23#23: exiting
2025/12/19 00:28:40 [notice] 48#48: exiting
2025/12/19 00:28:40 [notice] 47#47: gracefully shutting down
2025/12/19 00:28:40 [notice] 28#28: gracefully shutting down
2025/12/19 00:28:40 [notice] 24#24: gracefully shutting down
2025/12/19 00:28:40 [notice] 29#29: gracefully shutting down
2025/12/19 00:28:40 [notice] 51#51: gracefully shutting down
2025/12/19 00:28:40 [notice] 28#28: exiting
2025/12/19 00:28:40 [notice] 24#24: exiting
2025/12/19 00:28:40 [notice] 47#47: exiting
2025/12/19 00:28:40 [notice] 29#29: exiting
2025/12/19 00:28:40 [notice] 21#21: exit
2025/12/19 00:28:40 [notice] 32#32: gracefully shutting down
2025/12/19 00:28:40 [notice] 32#32: exiting
2025/12/19 00:28:40 [notice] 51#51: exiting
2025/12/19 00:28:40 [notice] 31#31: exiting
2025/12/19 00:28:40 [notice] 38#38: gracefully shutting down
2025/12/19 00:28:40 [notice] 38#38: exiting
2025/12/19 00:28:40 [notice] 40#40: gracefully shutting down
2025/12/19 00:28:40 [notice] 40#40: exiting
2025/12/19 00:28:40 [notice] 39#39: exiting
2025/12/19 00:28:40 [notice] 41#41: gracefully shutting down
2025/12/19 00:28:40 [notice] 40#40: exit
2025/12/19 00:28:40 [notice] 42#42: gracefully shutting down
2025/12/19 00:28:40 [notice] 42#42: exiting
2025/12/19 00:28:40 [notice] 41#41: exiting
2025/12/19 00:28:40 [notice] 35#35: exit
2025/12/19 00:28:40 [notice] 46#46: exit
2025/12/19 00:28:40 [notice] 31#31: exit
2025/12/19 00:28:40 [notice] 48#48: exit
2025/12/19 00:27:18 [notice] 50#50: gracefully shutting down
2025/12/19 00:28:40 [notice] 38#38: exit
2025/12/19 00:27:18 [notice] 50#50: exiting
2025/12/19 00:27:18 [notice] 49#49: gracefully shutting down
2025/12/19 00:28:40 [notice] 47#47: exit
2025/12/19 00:27:18 [notice] 52#52: gracefully shutting down
2025/12/19 00:27:18 [notice] 52#52: exiting
2025/12/19 00:28:40 [notice] 37#37: exit
2025/12/19 00:28:40 [notice] 33#33: exit
2025/12/19 00:28:40 [notice] 24#24: exit
2025/12/19 00:27:18 [notice] 49#49: exiting
2025/12/19 00:27:18 [notice] 50#50: exit
2025/12/19 00:28:40 [notice] 34#34: exit
2025/12/19 00:27:18 [notice] 52#52: exit
2025/12/19 00:27:18 [notice] 49#49: exit
2025/12/19 00:28:40 [notice] 29#29: exit
2025/12/19 00:28:40 [notice] 36#36: exit
2025/12/19 00:28:40 [notice] 32#32: exit
2025/12/19 00:28:40 [notice] 45#45: exit
2025/12/19 00:28:40 [notice] 44#44: exit
2025/12/19 00:28:40 [notice] 51#51: exit
2025/12/19 00:28:40 [notice] 23#23: exit
2025/12/19 00:28:40 [notice] 43#43: exit
2025/12/19 00:28:40 [notice] 27#27: exit
2025/12/19 00:27:18 [notice] 1#1: signal 17 (SIGCHLD) received from 46
2025/12/19 00:27:18 [notice] 1#1: worker process 21 exited with code 0
2025/12/19 00:27:18 [notice] 1#1: worker process 31 exited with code 0
2025/12/19 00:27:18 [notice] 1#1: worker process 35 exited with code 0
2025/12/19 00:28:40 [notice] 39#39: exit
2025/12/19 00:27:18 [notice] 1#1: worker process 37 exited with code 0
2025/12/19 00:27:18 [notice] 1#1: worker process 40 exited with code 0
2025/12/19 00:27:18 [notice] 1#1: worker process 46 exited with code 0
2025/12/19 00:27:18 [notice] 1#1: worker process 48 exited with code 0
2025/12/19 00:28:40 [notice] 41#41: exit
2025/12/19 00:28:40 [notice] 22#22: exit
2025/12/19 00:27:18 [notice] 1#1: signal 29 (SIGIO) received
2025/12/19 00:27:18 [notice] 1#1: signal 17 (SIGCHLD) received from 50
2025/12/19 00:27:18 [notice] 1#1: worker process 50 exited with code 0
2025/12/19 00:27:18 [notice] 1#1: worker process 36 exited with code 0
2025/12/19 00:27:18 [notice] 1#1: worker process 51 exited with code 0
2025/12/19 00:28:40 [notice] 28#28: exit
2025/12/19 00:28:40 [notice] 30#30: exit
2025/12/19 00:28:40 [notice] 26#26: exit
2025/12/19 00:28:40 [notice] 42#42: exit
2025/12/19 00:27:18 [notice] 1#1: signal 29 (SIGIO) received
2025/12/19 00:27:18 [notice] 1#1: signal 17 (SIGCHLD) received from 36
2025/12/19 00:27:18 [notice] 1#1: worker process 22 exited with code 0
2025/12/19 00:27:18 [notice] 1#1: worker process 29 exited with code 0
2025/12/19 00:27:18 [notice] 1#1: worker process 32 exited with code 0
2025/12/19 00:27:18 [notice] 1#1: worker process 41 exited with code 0
2025/12/19 00:27:18 [notice] 1#1: worker process 45 exited with code 0
2025/12/19 00:27:18 [notice] 1#1: signal 29 (SIGIO) received
2025/12/19 00:28:40 [notice] 25#25: exit
2025/12/19 00:27:18 [notice] 1#1: signal 17 (SIGCHLD) received from 30
2025/12/19 00:27:18 [notice] 1#1: worker process 30 exited with code 0
2025/12/19 00:27:18 [notice] 1#1: worker process 38 exited with code 0
2025/12/19 00:27:18 [notice] 1#1: worker process 47 exited with code 0
2025/12/19 00:27:18 [notice] 1#1: signal 29 (SIGIO) received
2025/12/19 00:27:18 [notice] 1#1: signal 17 (SIGCHLD) received from 47
2025/12/19 00:27:18 [notice] 1#1: signal 17 (SIGCHLD) received from 44
2025/12/19 00:27:18 [notice] 1#1: worker process 33 exited with code 0
2025/12/19 00:27:18 [notice] 1#1: worker process 44 exited with code 0
2025/12/19 00:27:18 [notice] 1#1: signal 29 (SIGIO) received
2025/12/19 00:27:18 [notice] 1#1: signal 17 (SIGCHLD) received from 26
2025/12/19 00:27:18 [notice] 1#1: worker process 24 exited with code 0
2025/12/19 00:27:18 [notice] 1#1: worker process 26 exited with code 0
2025/12/19 00:27:18 [notice] 1#1: worker process 49 exited with code 0
2025/12/19 00:27:18 [notice] 1#1: signal 29 (SIGIO) received
2025/12/19 00:27:18 [notice] 1#1: signal 17 (SIGCHLD) received from 28
2025/12/19 00:27:18 [notice] 1#1: worker process 28 exited with code 0
2025/12/19 00:27:18 [notice] 1#1: worker process 34 exited with code 0
2025/12/19 00:27:18 [notice] 1#1: worker process 42 exited with code 0
2025/12/19 00:27:18 [notice] 1#1: worker process 43 exited with code 0
2025/12/19 00:27:18 [notice] 1#1: signal 29 (SIGIO) received
2025/12/19 00:27:18 [notice] 1#1: signal 17 (SIGCHLD) received from 43
2025/12/19 00:27:18 [notice] 1#1: worker process 23 exited with code 0
2025/12/19 00:27:18 [notice] 1#1: worker process 52 exited with code 0
2025/12/19 00:27:18 [notice] 1#1: signal 29 (SIGIO) received
2025/12/19 00:28:41 [notice] 1#1: signal 17 (SIGCHLD) received from 27
2025/12/19 00:28:41 [notice] 1#1: worker process 27 exited with code 0
2025/12/19 00:28:41 [notice] 1#1: signal 29 (SIGIO) received
2025/12/19 00:28:41 [notice] 1#1: signal 17 (SIGCHLD) received from 25
2025/12/19 00:28:41 [notice] 1#1: worker process 25 exited with code 0
2025/12/19 00:28:41 [notice] 1#1: signal 17 (SIGCHLD) received from 39
2025/12/19 00:28:41 [notice] 1#1: worker process 39 exited with code 0
2025/12/19 00:28:41 [notice] 1#1: exit
2025/12/19 00:27:19 [notice] 1#1: using the "epoll" event method
2025/12/19 00:27:19 [notice] 1#1: nginx/1.29.3
2025/12/19 00:27:19 [notice] 1#1: built by gcc 14.2.0 (Alpine 14.2.0) 
2025/12/19 00:27:19 [notice] 1#1: OS: Linux 6.6.87.2-microsoft-standard-WSL2
2025/12/19 00:27:19 [notice] 1#1: getrlimit(RLIMIT_NOFILE): 1048576:1048576
2025/12/19 00:27:19 [notice] 1#1: start worker processes
2025/12/19 00:27:19 [notice] 1#1: start worker process 21
2025/12/19 00:27:19 [notice] 1#1: start worker process 22
2025/12/19 00:27:19 [notice] 1#1: start worker process 23
2025/12/19 00:27:19 [notice] 1#1: start worker process 24
2025/12/19 00:27:19 [notice] 1#1: start worker process 25
2025/12/19 00:27:19 [notice] 1#1: start worker process 26
2025/12/19 00:27:19 [notice] 1#1: start worker process 27
2025/12/19 00:27:19 [notice] 1#1: start worker process 28
2025/12/19 00:27:19 [notice] 1#1: start worker process 29
2025/12/19 00:27:19 [notice] 1#1: start worker process 30
2025/12/19 00:27:19 [notice] 1#1: start worker process 31
2025/12/19 00:27:19 [notice] 1#1: start worker process 32
2025/12/19 00:27:19 [notice] 1#1: start worker process 33
2025/12/19 00:27:19 [notice] 1#1: start worker process 34
2025/12/19 00:27:19 [notice] 1#1: start worker process 35
2025/12/19 00:27:19 [notice] 1#1: start worker process 36
2025/12/19 00:27:19 [notice] 1#1: start worker process 37
2025/12/19 00:27:19 [notice] 1#1: start worker process 38
2025/12/19 00:27:19 [notice] 1#1: start worker process 39
2025/12/19 00:27:19 [notice] 1#1: start worker process 40
2025/12/19 00:27:19 [notice] 1#1: start worker process 41
2025/12/19 00:27:19 [notice] 1#1: start worker process 42
2025/12/19 00:27:19 [notice] 1#1: start worker process 43
2025/12/19 00:27:19 [notice] 1#1: start worker process 44
2025/12/19 00:27:19 [notice] 1#1: start worker process 45
2025/12/19 00:27:19 [notice] 1#1: start worker process 46
2025/12/19 00:27:19 [notice] 1#1: start worker process 47
2025/12/19 00:27:19 [notice] 1#1: start worker process 48
2025/12/19 00:27:19 [notice] 1#1: start worker process 49
2025/12/19 00:27:19 [notice] 1#1: start worker process 50
2025/12/19 00:27:19 [notice] 1#1: start worker process 51
2025/12/19 00:27:19 [notice] 1#1: start worker process 52
2025/12/19 00:31:28 [notice] 1#1: signal 3 (SIGQUIT) received, shutting down
2025/12/19 00:31:28 [notice] 23#23: gracefully shutting down
2025/12/19 00:31:28 [notice] 21#21: gracefully shutting down
2025/12/19 00:31:28 [notice] 30#30: gracefully shutting down
2025/12/19 00:31:28 [notice] 24#24: gracefully shutting down
2025/12/19 00:31:28 [notice] 22#22: gracefully shutting down
2025/12/19 00:31:28 [notice] 29#29: gracefully shutting down
2025/12/19 00:31:28 [notice] 33#33: gracefully shutting down
2025/12/19 00:31:28 [notice] 35#35: gracefully shutting down
2025/12/19 00:31:28 [notice] 25#25: gracefully shutting down
2025/12/19 00:31:28 [notice] 26#26: gracefully shutting down
2025/12/19 00:31:28 [notice] 37#37: gracefully shutting down
2025/12/19 00:31:28 [notice] 35#35: exiting
2025/12/19 00:31:28 [notice] 26#26: exiting
2025/12/19 00:31:28 [notice] 27#27: gracefully shutting down
2025/12/19 00:31:28 [notice] 25#25: exiting
2025/12/19 00:31:28 [notice] 39#39: gracefully shutting down
2025/12/19 00:31:28 [notice] 39#39: exiting
2025/12/19 00:31:28 [notice] 28#28: gracefully shutting down
2025/12/19 00:31:28 [notice] 23#23: exiting
2025/12/19 00:31:28 [notice] 45#45: gracefully shutting down
2025/12/19 00:31:28 [notice] 28#28: exiting
2025/12/19 00:31:28 [notice] 42#42: gracefully shutting down
2025/12/19 00:31:28 [notice] 42#42: exiting
2025/12/19 00:31:28 [notice] 41#41: gracefully shutting down
2025/12/19 00:31:28 [notice] 47#47: gracefully shutting down
2025/12/19 00:31:28 [notice] 26#26: exit
2025/12/19 00:31:28 [notice] 21#21: exiting
2025/12/19 00:31:28 [notice] 39#39: exit
2025/12/19 00:31:28 [notice] 29#29: exiting
2025/12/19 00:31:28 [notice] 23#23: exit
2025/12/19 00:31:28 [notice] 30#30: exiting
2025/12/19 00:31:28 [notice] 21#21: exit
2025/12/19 00:31:28 [notice] 31#31: gracefully shutting down
2025/12/19 00:31:28 [notice] 22#22: exiting
2025/12/19 00:31:28 [notice] 31#31: exiting
2025/12/19 00:31:28 [notice] 29#29: exit
2025/12/19 00:31:28 [notice] 32#32: gracefully shutting down
2025/12/19 00:31:28 [notice] 34#34: gracefully shutting down
2025/12/19 00:31:28 [notice] 30#30: exit
2025/12/19 00:31:28 [notice] 31#31: exit
2025/12/19 00:31:28 [notice] 36#36: gracefully shutting down
2025/12/19 00:31:28 [notice] 22#22: exit
2025/12/19 00:31:28 [notice] 32#32: exiting
2025/12/19 00:31:28 [notice] 34#34: exiting
2025/12/19 00:31:28 [notice] 38#38: gracefully shutting down
2025/12/19 00:31:28 [notice] 36#36: exiting
2025/12/19 00:31:28 [notice] 38#38: exiting
2025/12/19 00:31:28 [notice] 40#40: gracefully shutting down
2025/12/19 00:31:28 [notice] 32#32: exit
2025/12/19 00:31:28 [notice] 40#40: exiting
2025/12/19 00:31:28 [notice] 34#34: exit
2025/12/19 00:31:28 [notice] 36#36: exit
2025/12/19 00:31:28 [notice] 45#45: exiting
2025/12/19 00:31:28 [notice] 41#41: exiting
2025/12/19 00:31:28 [notice] 52#52: gracefully shutting down
2025/12/19 00:31:28 [notice] 52#52: exiting
2025/12/19 00:31:28 [notice] 43#43: gracefully shutting down
2025/12/19 00:31:28 [notice] 47#47: exiting
2025/12/19 00:31:28 [notice] 43#43: exiting
2025/12/19 00:31:28 [notice] 25#25: exit
2025/12/19 00:31:28 [notice] 38#38: exit
2025/12/19 00:31:28 [notice] 42#42: exit
2025/12/19 00:31:28 [notice] 40#40: exit
2025/12/19 00:31:28 [notice] 48#48: gracefully shutting down
2025/12/19 00:31:28 [notice] 48#48: exiting
2025/12/19 00:31:28 [notice] 49#49: gracefully shutting down
2025/12/19 00:31:28 [notice] 44#44: gracefully shutting down
2025/12/19 00:31:28 [notice] 49#49: exiting
2025/12/19 00:31:28 [notice] 51#51: gracefully shutting down
2025/12/19 00:31:28 [notice] 44#44: exiting
2025/12/19 00:31:28 [notice] 50#50: gracefully shutting down
2025/12/19 00:31:28 [notice] 27#27: exiting
2025/12/19 00:31:28 [notice] 51#51: exiting
2025/12/19 00:31:28 [notice] 50#50: exiting
2025/12/19 00:31:28 [notice] 51#51: exit
2025/12/19 00:31:28 [notice] 50#50: exit
2025/12/19 00:31:28 [notice] 48#48: exit
2025/12/19 00:31:28 [notice] 37#37: exiting
2025/12/19 00:31:28 [notice] 45#45: exit
2025/12/19 00:31:28 [notice] 41#41: exit
2025/12/19 00:31:28 [notice] 43#43: exit
2025/12/19 00:31:28 [notice] 37#37: exit
2025/12/19 00:31:28 [notice] 24#24: exiting
2025/12/19 00:31:28 [notice] 35#35: exit
2025/12/19 00:31:28 [notice] 46#46: gracefully shutting down
2025/12/19 00:31:28 [notice] 46#46: exiting
2025/12/19 00:31:28 [notice] 46#46: exit
2025/12/19 00:31:28 [notice] 24#24: exit
2025/12/19 00:32:51 [notice] 1#1: signal 17 (SIGCHLD) received from 42
2025/12/19 00:32:51 [notice] 1#1: worker process 22 exited with code 0
2025/12/19 00:32:51 [notice] 1#1: worker process 25 exited with code 0
2025/12/19 00:32:51 [notice] 1#1: worker process 26 exited with code 0
2025/12/19 00:32:51 [notice] 1#1: worker process 29 exited with code 0
2025/12/19 00:32:51 [notice] 1#1: worker process 34 exited with code 0
2025/12/19 00:32:51 [notice] 1#1: worker process 35 exited with code 0
2025/12/19 00:32:51 [notice] 1#1: worker process 36 exited with code 0
2025/12/19 00:32:51 [notice] 1#1: worker process 38 exited with code 0
2025/12/19 00:32:51 [notice] 1#1: worker process 39 exited with code 0
2025/12/19 00:32:51 [notice] 1#1: worker process 42 exited with code 0
2025/12/19 00:32:51 [notice] 1#1: worker process 48 exited with code 0
2025/12/19 00:32:51 [notice] 1#1: worker process 50 exited with code 0
2025/12/19 00:32:51 [notice] 1#1: worker process 51 exited with code 0
2025/12/19 00:31:28 [notice] 52#52: exit
2025/12/19 00:31:28 [notice] 28#28: exit
2025/12/19 00:31:28 [notice] 33#33: exiting
2025/12/19 00:31:28 [notice] 33#33: exit
2025/12/19 00:31:28 [notice] 47#47: exit
2025/12/19 00:31:28 [notice] 27#27: exit
2025/12/19 00:31:28 [notice] 44#44: exit
2025/12/19 00:31:28 [notice] 49#49: exit
2025/12/19 00:32:51 [notice] 1#1: signal 29 (SIGIO) received
2025/12/19 00:32:51 [notice] 1#1: signal 17 (SIGCHLD) received from 46
2025/12/19 00:32:51 [notice] 1#1: worker process 37 exited with code 0
2025/12/19 00:32:51 [notice] 1#1: worker process 43 exited with code 0
2025/12/19 00:32:51 [notice] 1#1: worker process 45 exited with code 0
2025/12/19 00:32:51 [notice] 1#1: worker process 46 exited with code 0
2025/12/19 00:32:51 [notice] 1#1: signal 29 (SIGIO) received
2025/12/19 00:31:28 [notice] 1#1: signal 17 (SIGCHLD) received from 23
2025/12/19 00:31:28 [notice] 1#1: worker process 21 exited with code 0
2025/12/19 00:31:28 [notice] 1#1: worker process 23 exited with code 0
2025/12/19 00:31:28 [notice] 1#1: worker process 24 exited with code 0
2025/12/19 00:31:28 [notice] 1#1: worker process 27 exited with code 0
2025/12/19 00:31:28 [notice] 1#1: worker process 28 exited with code 0
2025/12/19 00:31:28 [notice] 1#1: worker process 30 exited with code 0
2025/12/19 00:31:28 [notice] 1#1: worker process 31 exited with code 0
2025/12/19 00:31:28 [notice] 1#1: worker process 32 exited with code 0
2025/12/19 00:31:28 [notice] 1#1: worker process 33 exited with code 0
2025/12/19 00:31:28 [notice] 1#1: worker process 40 exited with code 0
2025/12/19 00:31:28 [notice] 1#1: worker process 41 exited with code 0
2025/12/19 00:31:28 [notice] 1#1: worker process 44 exited with code 0
2025/12/19 00:31:28 [notice] 1#1: worker process 47 exited with code 0
2025/12/19 00:31:28 [notice] 1#1: worker process 49 exited with code 0
2025/12/19 00:31:28 [notice] 1#1: worker process 52 exited with code 0
2025/12/19 00:31:28 [notice] 1#1: exit
2025/12/19 00:31:31 [notice] 1#1: using the "epoll" event method
2025/12/19 00:31:31 [notice] 1#1: nginx/1.29.3
2025/12/19 00:31:31 [notice] 1#1: built by gcc 14.2.0 (Alpine 14.2.0) 
2025/12/19 00:31:31 [notice] 1#1: OS: Linux 6.6.87.2-microsoft-standard-WSL2
2025/12/19 00:31:31 [notice] 1#1: getrlimit(RLIMIT_NOFILE): 1048576:1048576
2025/12/19 00:31:31 [notice] 1#1: start worker processes
2025/12/19 00:31:31 [notice] 1#1: start worker process 21
2025/12/19 00:31:31 [notice] 1#1: start worker process 22
2025/12/19 00:31:31 [notice] 1#1: start worker process 23
2025/12/19 00:31:31 [notice] 1#1: start worker process 24
2025/12/19 00:31:31 [notice] 1#1: start worker process 25
2025/12/19 00:31:31 [notice] 1#1: start worker process 26
2025/12/19 00:31:31 [notice] 1#1: start worker process 27
2025/12/19 00:31:31 [notice] 1#1: start worker process 28
2025/12/19 00:31:31 [notice] 1#1: start worker process 29
2025/12/19 00:31:31 [notice] 1#1: start worker process 30
2025/12/19 00:31:31 [notice] 1#1: start worker process 31
2025/12/19 00:31:31 [notice] 1#1: start worker process 32
2025/12/19 00:31:31 [notice] 1#1: start worker process 33
2025/12/19 00:31:31 [notice] 1#1: start worker process 34
2025/12/19 00:31:31 [notice] 1#1: start worker process 35
2025/12/19 00:31:31 [notice] 1#1: start worker process 36
2025/12/19 00:31:31 [notice] 1#1: start worker process 37
2025/12/19 00:31:31 [notice] 1#1: start worker process 38
2025/12/19 00:31:31 [notice] 1#1: start worker process 39
2025/12/19 00:31:31 [notice] 1#1: start worker process 40
2025/12/19 00:31:31 [notice] 1#1: start worker process 41
2025/12/19 00:31:31 [notice] 1#1: start worker process 42
2025/12/19 00:31:31 [notice] 1#1: start worker process 43
2025/12/19 00:31:31 [notice] 1#1: start worker process 44
2025/12/19 00:31:31 [notice] 1#1: start worker process 45
2025/12/19 00:31:31 [notice] 1#1: start worker process 46
2025/12/19 00:31:31 [notice] 1#1: start worker process 47
2025/12/19 00:31:31 [notice] 1#1: start worker process 48
2025/12/19 00:31:31 [notice] 1#1: start worker process 49
2025/12/19 00:31:31 [notice] 1#1: start worker process 50
2025/12/19 00:31:31 [notice] 1#1: start worker process 51
2025/12/19 00:31:31 [notice] 1#1: start worker process 52
2025/12/19 00:32:03 [error] 21#21: *1 connect() failed (111: Connection refused) while connecting to upstream, client: 172.19.0.1, server: localhost, request: "GET / HTTP/1.1", upstream: "http://172.19.0.5:8080/", host: "localhost"
2025/12/19 00:32:05 [error] 21#21: *1 connect() failed (111: Connection refused) while connecting to upstream, client: 172.19.0.1, server: localhost, request: "GET / HTTP/1.1", upstream: "http://172.19.0.5:8080/", host: "localhost"
2025/12/19 00:32:25 [notice] 1#1: signal 3 (SIGQUIT) received, shutting down
2025/12/19 00:32:25 [notice] 23#23: gracefully shutting down
2025/12/19 00:32:25 [notice] 24#24: gracefully shutting down
2025/12/19 00:32:25 [notice] 25#25: gracefully shutting down
2025/12/19 00:32:25 [notice] 26#26: gracefully shutting down
2025/12/19 00:32:25 [notice] 21#21: gracefully shutting down
2025/12/19 00:32:25 [notice] 25#25: exiting
2025/12/19 00:32:25 [notice] 27#27: gracefully shutting down
2025/12/19 00:32:25 [notice] 22#22: gracefully shutting down
2025/12/19 00:32:25 [notice] 26#26: exiting
2025/12/19 00:32:25 [notice] 24#24: exiting
2025/12/19 00:32:25 [notice] 29#29: gracefully shutting down
2025/12/19 00:32:25 [notice] 27#27: exiting
2025/12/19 00:32:25 [notice] 28#28: gracefully shutting down
2025/12/19 00:32:25 [notice] 22#22: exiting
2025/12/19 00:32:25 [notice] 29#29: exiting
2025/12/19 00:32:25 [notice] 31#31: gracefully shutting down
2025/12/19 00:32:25 [notice] 31#31: exiting
2025/12/19 00:32:25 [notice] 32#32: gracefully shutting down
2025/12/19 00:32:25 [notice] 34#34: gracefully shutting down
2025/12/19 00:32:25 [notice] 25#25: exit
2025/12/19 00:32:25 [notice] 26#26: exit
2025/12/19 00:32:25 [notice] 24#24: exit
2025/12/19 00:32:25 [notice] 27#27: exit
2025/12/19 00:32:25 [notice] 47#47: gracefully shutting down
2025/12/19 00:32:25 [notice] 35#35: gracefully shutting down
2025/12/19 00:32:25 [notice] 33#33: gracefully shutting down
2025/12/19 00:32:25 [notice] 29#29: exit
2025/12/19 00:32:25 [notice] 31#31: exit
2025/12/19 00:32:25 [notice] 22#22: exit
2025/12/19 00:32:25 [notice] 33#33: exiting
2025/12/19 00:32:25 [notice] 43#43: gracefully shutting down
2025/12/19 00:32:25 [notice] 44#44: gracefully shutting down
2025/12/19 00:32:25 [notice] 36#36: gracefully shutting down
2025/12/19 00:32:25 [notice] 39#39: gracefully shutting down
2025/12/19 00:32:25 [notice] 40#40: gracefully shutting down
2025/12/19 00:32:25 [notice] 42#42: gracefully shutting down
2025/12/19 00:32:25 [notice] 48#48: gracefully shutting down
2025/12/19 00:32:25 [notice] 42#42: exiting
2025/12/19 00:32:25 [notice] 49#49: gracefully shutting down
2025/12/19 00:32:25 [notice] 38#38: gracefully shutting down
2025/12/19 00:32:25 [notice] 37#37: gracefully shutting down
2025/12/19 00:32:25 [notice] 38#38: exiting
2025/12/19 00:32:25 [notice] 37#37: exiting
2025/12/19 00:32:25 [notice] 49#49: exiting
2025/12/19 00:32:25 [notice] 37#37: exit
2025/12/19 00:32:25 [notice] 30#30: gracefully shutting down
2025/12/19 00:32:25 [notice] 43#43: exiting
2025/12/19 00:32:25 [notice] 30#30: exiting
2025/12/19 00:32:25 [notice] 36#36: exiting
2025/12/19 00:32:25 [notice] 39#39: exiting
2025/12/19 00:32:25 [notice] 35#35: exiting
2025/12/19 00:32:25 [notice] 40#40: exiting
2025/12/19 00:32:25 [notice] 45#45: gracefully shutting down
2025/12/19 00:32:25 [notice] 42#42: exit
2025/12/19 00:32:25 [notice] 48#48: exiting
2025/12/19 00:32:25 [notice] 45#45: exiting
2025/12/19 00:32:25 [notice] 30#30: exit
2025/12/19 00:32:25 [notice] 40#40: exit
2025/12/19 00:32:25 [notice] 49#49: exit
2025/12/19 00:32:25 [notice] 35#35: exit
2025/12/19 00:32:25 [notice] 38#38: exit
2025/12/19 00:32:25 [notice] 48#48: exit
2025/12/19 00:32:25 [notice] 43#43: exit
2025/12/19 00:32:25 [notice] 36#36: exit
2025/12/19 00:32:25 [notice] 39#39: exit
2025/12/19 00:32:25 [notice] 45#45: exit
2025/12/19 00:32:25 [notice] 33#33: exit
2025/12/19 00:32:25 [notice] 51#51: gracefully shutting down
2025/12/19 00:32:25 [notice] 51#51: exiting
2025/12/19 00:32:25 [notice] 46#46: gracefully shutting down
2025/12/19 00:32:25 [notice] 50#50: gracefully shutting down
2025/12/19 00:32:25 [notice] 34#34: exiting
2025/12/19 00:32:25 [notice] 41#41: gracefully shutting down
2025/12/19 00:32:25 [notice] 51#51: exit
2025/12/19 00:32:25 [notice] 41#41: exiting
2025/12/19 00:32:25 [notice] 50#50: exiting
2025/12/19 00:32:25 [notice] 34#34: exit
2025/12/19 00:32:25 [notice] 21#21: exiting
2025/12/19 00:32:25 [notice] 46#46: exiting
2025/12/19 00:32:25 [notice] 50#50: exit
2025/12/19 00:32:25 [notice] 41#41: exit
2025/12/19 00:32:25 [notice] 21#21: exit
2025/12/19 00:32:25 [notice] 46#46: exit
2025/12/19 00:32:25 [notice] 52#52: gracefully shutting down
2025/12/19 00:32:25 [notice] 52#52: exiting
2025/12/19 00:32:25 [notice] 44#44: exiting
2025/12/19 00:32:25 [notice] 52#52: exit
2025/12/19 00:32:25 [notice] 32#32: exiting
2025/12/19 00:32:25 [notice] 44#44: exit
2025/12/19 00:32:25 [notice] 32#32: exit
2025/12/19 00:32:25 [notice] 47#47: exiting
2025/12/19 00:32:25 [notice] 28#28: exiting
2025/12/19 00:32:25 [notice] 28#28: exit
2025/12/19 00:32:25 [notice] 1#1: signal 17 (SIGCHLD) received from 37
2025/12/19 00:32:25 [notice] 1#1: worker process 21 exited with code 0
2025/12/19 00:32:25 [notice] 1#1: worker process 22 exited with code 0
2025/12/19 00:32:25 [notice] 1#1: worker process 24 exited with code 0
2025/12/19 00:32:25 [notice] 1#1: worker process 25 exited with code 0
2025/12/19 00:32:25 [notice] 1#1: worker process 26 exited with code 0
2025/12/19 00:32:25 [notice] 1#1: worker process 27 exited with code 0
2025/12/19 00:32:25 [notice] 1#1: worker process 29 exited with code 0
2025/12/19 00:32:25 [notice] 1#1: worker process 31 exited with code 0
2025/12/19 00:32:25 [notice] 1#1: worker process 33 exited with code 0
2025/12/19 00:32:25 [notice] 1#1: worker process 34 exited with code 0
2025/12/19 00:32:25 [notice] 1#1: worker process 35 exited with code 0
2025/12/19 00:32:25 [notice] 1#1: worker process 36 exited with code 0
2025/12/19 00:32:25 [notice] 1#1: worker process 37 exited with code 0
2025/12/19 00:32:25 [notice] 1#1: worker process 38 exited with code 0
2025/12/19 00:32:25 [notice] 1#1: worker process 39 exited with code 0
2025/12/19 00:32:25 [notice] 1#1: worker process 41 exited with code 0
2025/12/19 00:32:25 [notice] 1#1: worker process 43 exited with code 0
2025/12/19 00:32:25 [notice] 1#1: worker process 45 exited with code 0
2025/12/19 00:32:25 [notice] 1#1: worker process 46 exited with code 0
2025/12/19 00:32:25 [notice] 1#1: worker process 48 exited with code 0
2025/12/19 00:32:25 [notice] 1#1: worker process 49 exited with code 0
2025/12/19 00:32:25 [notice] 1#1: worker process 51 exited with code 0
2025/12/19 00:32:25 [notice] 47#47: exit
2025/12/19 00:32:25 [notice] 1#1: signal 29 (SIGIO) received
2025/12/19 00:32:25 [notice] 1#1: signal 17 (SIGCHLD) received from 28
2025/12/19 00:32:25 [notice] 1#1: worker process 28 exited with code 0
2025/12/19 00:32:25 [notice] 1#1: worker process 30 exited with code 0
2025/12/19 00:32:25 [notice] 1#1: worker process 40 exited with code 0
2025/12/19 00:32:25 [notice] 1#1: worker process 42 exited with code 0
2025/12/19 00:32:25 [notice] 1#1: worker process 52 exited with code 0
2025/12/19 00:32:25 [notice] 1#1: signal 29 (SIGIO) received
2025/12/19 00:32:25 [notice] 1#1: signal 17 (SIGCHLD) received from 30
2025/12/19 00:32:26 [notice] 1#1: signal 17 (SIGCHLD) received from 44
2025/12/19 00:32:26 [notice] 1#1: worker process 44 exited with code 0
2025/12/19 00:32:26 [notice] 1#1: signal 29 (SIGIO) received
2025/12/19 00:32:26 [notice] 1#1: signal 17 (SIGCHLD) received from 47
2025/12/19 00:32:26 [notice] 1#1: worker process 32 exited with code 0
2025/12/19 00:32:26 [notice] 1#1: worker process 47 exited with code 0
2025/12/19 00:32:26 [notice] 1#1: signal 29 (SIGIO) received
2025/12/19 00:32:26 [notice] 1#1: signal 17 (SIGCHLD) received from 50
2025/12/19 00:32:26 [notice] 1#1: worker process 50 exited with code 0
2025/12/19 00:32:26 [notice] 1#1: signal 29 (SIGIO) received
2025/12/19 00:33:58 [notice] 1#1: using the "epoll" event method
2025/12/19 00:33:58 [notice] 1#1: nginx/1.29.3
2025/12/19 00:33:58 [notice] 1#1: built by gcc 14.2.0 (Alpine 14.2.0) 
2025/12/19 00:33:58 [notice] 1#1: OS: Linux 6.6.87.2-microsoft-standard-WSL2
2025/12/19 00:33:58 [notice] 1#1: getrlimit(RLIMIT_NOFILE): 1048576:1048576
2025/12/19 00:33:58 [notice] 1#1: start worker processes
2025/12/19 00:33:58 [notice] 1#1: start worker process 21
2025/12/19 00:33:58 [notice] 1#1: start worker process 22
2025/12/19 00:33:58 [notice] 1#1: start worker process 23
2025/12/19 00:33:58 [notice] 1#1: start worker process 24
2025/12/19 00:33:58 [notice] 1#1: start worker process 25
2025/12/19 00:33:58 [notice] 1#1: start worker process 26
2025/12/19 00:33:58 [notice] 1#1: start worker process 27
2025/12/19 00:33:58 [notice] 1#1: start worker process 28
2025/12/19 00:33:58 [notice] 1#1: start worker process 29
2025/12/19 00:33:58 [notice] 1#1: start worker process 30
2025/12/19 00:33:58 [notice] 1#1: start worker process 31
2025/12/19 00:33:58 [notice] 1#1: start worker process 32
2025/12/19 00:33:58 [notice] 1#1: start worker process 33
2025/12/19 00:33:58 [notice] 1#1: start worker process 34
2025/12/19 00:33:58 [notice] 1#1: start worker process 35
2025/12/19 00:33:58 [notice] 1#1: start worker process 36
2025/12/19 00:33:58 [notice] 1#1: start worker process 37
2025/12/19 00:33:58 [notice] 1#1: start worker process 38
2025/12/19 00:33:58 [notice] 1#1: start worker process 39
2025/12/19 00:33:58 [notice] 1#1: start worker process 40
2025/12/19 00:33:58 [notice] 1#1: start worker process 41
2025/12/19 00:33:58 [notice] 1#1: start worker process 42
2025/12/19 00:33:58 [notice] 1#1: start worker process 43
2025/12/19 00:33:58 [notice] 1#1: start worker process 44
2025/12/19 00:33:58 [notice] 1#1: start worker process 45
2025/12/19 00:33:58 [notice] 1#1: start worker process 46
2025/12/19 00:33:58 [notice] 1#1: start worker process 47
2025/12/19 00:33:58 [notice] 1#1: start worker process 48
2025/12/19 00:33:58 [notice] 1#1: start worker process 49
2025/12/19 00:33:58 [notice] 1#1: start worker process 50
2025/12/19 00:33:58 [notice] 1#1: start worker process 51
2025/12/19 00:33:58 [notice] 1#1: start worker process 52
2025/12/19 00:34:00 [error] 22#22: *1 connect() failed (111: Connection refused) while connecting to upstream, client: 172.19.0.1, server: localhost, request: "GET /auth/login HTTP/1.1", upstream: "http://172.19.0.5:8080/auth/login", host: "localhost"
2025/12/19 00:34:06 [notice] 1#1: signal 3 (SIGQUIT) received, shutting down
2025/12/19 00:34:06 [notice] 22#22: gracefully shutting down
2025/12/19 00:34:06 [notice] 23#23: gracefully shutting down
2025/12/19 00:34:06 [notice] 24#24: gracefully shutting down
2025/12/19 00:34:06 [notice] 22#22: exiting
2025/12/19 00:34:06 [notice] 25#25: gracefully shutting down
2025/12/19 00:34:06 [notice] 23#23: exiting
2025/12/19 00:34:06 [notice] 24#24: exiting
2025/12/19 00:34:06 [notice] 26#26: gracefully shutting down
2025/12/19 00:34:06 [notice] 27#27: gracefully shutting down
2025/12/19 00:34:06 [notice] 21#21: gracefully shutting down
2025/12/19 00:34:06 [notice] 25#25: exiting
2025/12/19 00:34:06 [notice] 26#26: exiting
2025/12/19 00:34:06 [notice] 27#27: exiting
2025/12/19 00:34:06 [notice] 21#21: exiting
2025/12/19 00:34:06 [notice] 29#29: gracefully shutting down
2025/12/19 00:34:06 [notice] 28#28: gracefully shutting down
2025/12/19 00:34:06 [notice] 29#29: exiting
2025/12/19 00:34:06 [notice] 30#30: gracefully shutting down
2025/12/19 00:34:06 [notice] 31#31: gracefully shutting down
2025/12/19 00:34:06 [notice] 28#28: exiting
2025/12/19 00:34:06 [notice] 32#32: gracefully shutting down
2025/12/19 00:34:06 [notice] 35#35: gracefully shutting down
2025/12/19 00:34:06 [notice] 38#38: gracefully shutting down
2025/12/19 00:34:06 [notice] 30#30: exiting
2025/12/19 00:34:06 [notice] 34#34: gracefully shutting down
2025/12/19 00:34:06 [notice] 33#33: gracefully shutting down
2025/12/19 00:34:06 [notice] 31#31: exiting
2025/12/19 00:34:06 [notice] 39#39: gracefully shutting down
2025/12/19 00:34:06 [notice] 32#32: exiting
2025/12/19 00:34:06 [notice] 38#38: exiting
2025/12/19 00:34:06 [notice] 36#36: gracefully shutting down
2025/12/19 00:34:06 [notice] 35#35: exiting
2025/12/19 00:34:06 [notice] 34#34: exiting
2025/12/19 00:34:06 [notice] 33#33: exiting
2025/12/19 00:34:06 [notice] 39#39: exiting
2025/12/19 00:34:06 [notice] 40#40: gracefully shutting down
2025/12/19 00:34:06 [notice] 37#37: gracefully shutting down
2025/12/19 00:34:06 [notice] 43#43: gracefully shutting down
2025/12/19 00:34:06 [notice] 36#36: exiting
2025/12/19 00:34:06 [notice] 40#40: exiting
2025/12/19 00:34:06 [notice] 46#46: gracefully shutting down
2025/12/19 00:34:06 [notice] 47#47: gracefully shutting down
2025/12/19 00:34:06 [notice] 49#49: gracefully shutting down
2025/12/19 00:34:06 [notice] 37#37: exiting
2025/12/19 00:34:06 [notice] 43#43: exiting
2025/12/19 00:34:06 [notice] 46#46: exiting
2025/12/19 00:34:06 [notice] 49#49: exiting
2025/12/19 00:34:06 [notice] 47#47: exiting
2025/12/19 00:34:06 [notice] 48#48: gracefully shutting down
2025/12/19 00:34:06 [notice] 48#48: exiting
2025/12/19 00:34:06 [notice] 44#44: gracefully shutting down
2025/12/19 00:34:06 [notice] 44#44: exiting
2025/12/19 00:34:06 [notice] 50#50: gracefully shutting down
2025/12/19 00:34:06 [notice] 50#50: exiting
2025/12/19 00:34:06 [notice] 22#22: exit
2025/12/19 00:34:06 [notice] 39#39: exit
2025/12/19 00:34:06 [notice] 47#47: exit
2025/12/19 00:34:06 [notice] 36#36: exit
2025/12/19 00:34:06 [notice] 35#35: exit
2025/12/19 00:34:06 [notice] 41#41: gracefully shutting down
2025/12/19 00:34:06 [notice] 52#52: gracefully shutting down
2025/12/19 00:34:06 [notice] 42#42: gracefully shutting down
2025/12/19 00:34:06 [notice] 41#41: exiting
2025/12/19 00:34:06 [notice] 51#51: gracefully shutting down
2025/12/19 00:34:06 [notice] 52#52: exiting
2025/12/19 00:34:06 [notice] 45#45: gracefully shutting down
2025/12/19 00:34:06 [notice] 42#42: exiting
2025/12/19 00:34:06 [notice] 51#51: exiting
2025/12/19 00:34:06 [notice] 45#45: exiting
2025/12/19 00:34:06 [notice] 41#41: exit
2025/12/19 00:34:06 [notice] 52#52: exit
2025/12/19 00:34:06 [notice] 42#42: exit
2025/12/19 00:34:06 [notice] 51#51: exit
2025/12/19 00:34:06 [notice] 45#45: exit
2025/12/19 00:34:06 [notice] 25#25: exit
2025/12/19 00:34:06 [notice] 24#24: exit
2025/12/19 00:34:06 [notice] 1#1: signal 17 (SIGCHLD) received from 47
2025/12/19 00:34:06 [notice] 1#1: worker process 22 exited with code 0
2025/12/19 00:34:06 [notice] 1#1: worker process 35 exited with code 0
2025/12/19 00:34:06 [notice] 1#1: worker process 36 exited with code 0
2025/12/19 00:34:06 [notice] 1#1: worker process 39 exited with code 0
2025/12/19 00:34:06 [notice] 1#1: worker process 47 exited with code 0
2025/12/19 00:34:06 [notice] 1#1: signal 29 (SIGIO) received
2025/12/19 00:34:06 [notice] 1#1: signal 17 (SIGCHLD) received from 35
2025/12/19 00:34:06 [notice] 48#48: exit
2025/12/19 00:34:06 [notice] 38#38: exit
2025/12/19 00:34:06 [notice] 31#31: exit
2025/12/19 00:34:06 [notice] 33#33: exit
2025/12/19 00:34:06 [notice] 26#26: exit
2025/12/19 00:34:06 [notice] 40#40: exit
2025/12/19 00:34:06 [notice] 27#27: exit
2025/12/19 00:34:06 [notice] 1#1: signal 17 (SIGCHLD) received from 25
2025/12/19 00:34:06 [notice] 1#1: worker process 25 exited with code 0
2025/12/19 00:34:06 [notice] 1#1: signal 29 (SIGIO) received
2025/12/19 00:34:06 [notice] 23#23: exit
2025/12/19 00:34:06 [notice] 1#1: signal 17 (SIGCHLD) received from 33
2025/12/19 00:34:06 [notice] 1#1: worker process 26 exited with code 0
2025/12/19 00:34:06 [notice] 1#1: worker process 31 exited with code 0
2025/12/19 00:34:06 [notice] 1#1: worker process 33 exited with code 0
2025/12/19 00:34:06 [notice] 1#1: worker process 38 exited with code 0
2025/12/19 00:34:06 [notice] 1#1: worker process 40 exited with code 0
2025/12/19 00:34:06 [notice] 1#1: worker process 42 exited with code 0
2025/12/19 00:34:06 [notice] 1#1: worker process 45 exited with code 0
2025/12/19 00:34:06 [notice] 1#1: worker process 48 exited with code 0
2025/12/19 00:34:06 [notice] 1#1: worker process 52 exited with code 0
2025/12/19 00:34:06 [notice] 49#49: exit
2025/12/19 00:34:06 [notice] 21#21: exit
2025/12/19 00:34:06 [notice] 43#43: exit
2025/12/19 00:34:06 [notice] 46#46: exit
2025/12/19 00:34:06 [notice] 34#34: exit
2025/12/19 00:34:06 [notice] 32#32: exit
2025/12/19 00:34:06 [notice] 50#50: exit
2025/12/19 00:34:06 [notice] 44#44: exit
2025/12/19 00:34:06 [notice] 37#37: exit
2025/12/19 00:34:06 [notice] 29#29: exit
2025/12/19 00:34:06 [notice] 30#30: exit
2025/12/19 00:34:06 [notice] 1#1: signal 29 (SIGIO) received
2025/12/19 00:34:06 [notice] 1#1: signal 17 (SIGCHLD) received from 34
2025/12/19 00:34:06 [notice] 1#1: worker process 27 exited with code 0
2025/12/19 00:34:06 [notice] 1#1: worker process 23 exited with code 0
2025/12/19 00:34:06 [notice] 1#1: worker process 34 exited with code 0
2025/12/19 00:34:06 [notice] 1#1: worker process 51 exited with code 0
2025/12/19 00:34:06 [notice] 1#1: signal 29 (SIGIO) received
2025/12/19 00:34:06 [notice] 1#1: signal 17 (SIGCHLD) received from 51
2025/12/19 00:34:06 [notice] 28#28: exit
2025/12/19 00:34:06 [notice] 1#1: signal 17 (SIGCHLD) received from 41
2025/12/19 00:34:06 [notice] 1#1: worker process 21 exited with code 0
2025/12/19 00:34:06 [notice] 1#1: worker process 24 exited with code 0
2025/12/19 00:34:06 [notice] 1#1: worker process 32 exited with code 0
2025/12/19 00:34:06 [notice] 1#1: worker process 41 exited with code 0
2025/12/19 00:34:06 [notice] 1#1: worker process 43 exited with code 0
2025/12/19 00:34:06 [notice] 1#1: worker process 46 exited with code 0
2025/12/19 00:34:06 [notice] 1#1: worker process 50 exited with code 0
2025/12/19 00:34:06 [notice] 1#1: signal 29 (SIGIO) received
2025/12/19 00:34:06 [notice] 1#1: signal 17 (SIGCHLD) received from 44
2025/12/19 00:34:06 [notice] 1#1: worker process 29 exited with code 0
2025/12/19 00:34:06 [notice] 1#1: worker process 37 exited with code 0
2025/12/19 00:34:06 [notice] 1#1: worker process 44 exited with code 0
2025/12/19 00:34:06 [notice] 1#1: worker process 49 exited with code 0
2025/12/19 00:34:06 [notice] 1#1: signal 29 (SIGIO) received
2025/12/19 00:34:06 [notice] 1#1: signal 17 (SIGCHLD) received from 49
2025/12/19 00:34:06 [notice] 1#1: signal 17 (SIGCHLD) received from 30
2025/12/19 00:34:06 [notice] 1#1: worker process 30 exited with code 0
2025/12/19 00:34:06 [notice] 1#1: signal 29 (SIGIO) received
2025/12/19 00:34:06 [notice] 1#1: signal 17 (SIGCHLD) received from 28
2025/12/19 00:34:06 [notice] 1#1: worker process 28 exited with code 0
2025/12/19 00:34:06 [notice] 1#1: exit
2025/12/19 00:34:06 [notice] 1#1: using the "epoll" event method
2025/12/19 00:34:06 [notice] 1#1: nginx/1.29.3
2025/12/19 00:34:06 [notice] 1#1: built by gcc 14.2.0 (Alpine 14.2.0) 
2025/12/19 00:34:06 [notice] 1#1: OS: Linux 6.6.87.2-microsoft-standard-WSL2
2025/12/19 00:34:06 [notice] 1#1: getrlimit(RLIMIT_NOFILE): 1048576:1048576
2025/12/19 00:34:06 [notice] 1#1: start worker processes
2025/12/19 00:34:06 [notice] 1#1: start worker process 21
2025/12/19 00:34:06 [notice] 1#1: start worker process 22
2025/12/19 00:34:06 [notice] 1#1: start worker process 23
2025/12/19 00:34:06 [notice] 1#1: start worker process 24
2025/12/19 00:34:06 [notice] 1#1: start worker process 25
2025/12/19 00:34:06 [notice] 1#1: start worker process 26
2025/12/19 00:34:06 [notice] 1#1: start worker process 27
2025/12/19 00:34:06 [notice] 1#1: start worker process 28
2025/12/19 00:34:06 [notice] 1#1: start worker process 29
2025/12/19 00:34:06 [notice] 1#1: start worker process 30
2025/12/19 00:34:06 [notice] 1#1: start worker process 31
2025/12/19 00:34:06 [notice] 1#1: start worker process 32
2025/12/19 00:34:06 [notice] 1#1: start worker process 33
2025/12/19 00:34:06 [notice] 1#1: start worker process 34
2025/12/19 00:34:06 [notice] 1#1: start worker process 35
2025/12/19 00:34:06 [notice] 1#1: start worker process 36
2025/12/19 00:34:06 [notice] 1#1: start worker process 37
2025/12/19 00:34:06 [notice] 1#1: start worker process 38
2025/12/19 00:34:06 [notice] 1#1: start worker process 39
2025/12/19 00:34:06 [notice] 1#1: start worker process 40
2025/12/19 00:34:06 [notice] 1#1: start worker process 41
2025/12/19 00:34:06 [notice] 1#1: start worker process 42
2025/12/19 00:34:06 [notice] 1#1: start worker process 43
2025/12/19 00:34:06 [notice] 1#1: start worker process 44
2025/12/19 00:34:06 [notice] 1#1: start worker process 45
2025/12/19 00:34:06 [notice] 1#1: start worker process 46
2025/12/19 00:34:06 [notice] 1#1: start worker process 47
2025/12/19 00:34:06 [notice] 1#1: start worker process 48
2025/12/19 00:34:06 [notice] 1#1: start worker process 49
2025/12/19 00:34:06 [notice] 1#1: start worker process 50
2025/12/19 00:34:06 [notice] 1#1: start worker process 51
2025/12/19 00:34:06 [notice] 1#1: start worker process 52
2025/12/19 00:49:48 [notice] 1#1: signal 3 (SIGQUIT) received, shutting down
2025/12/19 00:49:48 [notice] 26#26: gracefully shutting down
2025/12/19 00:49:48 [notice] 27#27: gracefully shutting down
2025/12/19 00:49:48 [notice] 30#30: gracefully shutting down
2025/12/19 00:49:48 [notice] 31#31: gracefully shutting down
2025/12/19 00:49:48 [notice] 34#34: gracefully shutting down
2025/12/19 00:49:48 [notice] 30#30: exiting
2025/12/19 00:49:48 [notice] 34#34: exiting
2025/12/19 00:49:48 [notice] 43#43: gracefully shutting down
2025/12/19 00:49:48 [notice] 42#42: gracefully shutting down
2025/12/19 00:49:48 [notice] 24#24: gracefully shutting down
2025/12/19 00:49:48 [notice] 42#42: exiting
2025/12/19 00:49:48 [notice] 43#43: exiting
2025/12/19 00:49:48 [notice] 39#39: gracefully shutting down
2025/12/19 00:49:48 [notice] 21#21: gracefully shutting down
2025/12/19 00:49:48 [notice] 39#39: exiting
2025/12/19 00:49:48 [notice] 21#21: exiting
2025/12/19 00:49:48 [notice] 34#34: exit
2025/12/19 00:49:48 [notice] 25#25: gracefully shutting down
2025/12/19 00:49:48 [notice] 30#30: exit
2025/12/19 00:49:48 [notice] 43#43: exit
2025/12/19 00:49:48 [notice] 42#42: exit
2025/12/19 00:49:48 [notice] 39#39: exit
2025/12/19 00:49:48 [notice] 21#21: exit
2025/12/19 00:49:48 [notice] 27#27: exiting
2025/12/19 00:49:48 [notice] 32#32: gracefully shutting down
2025/12/19 00:49:48 [notice] 32#32: exiting
2025/12/19 00:49:48 [notice] 29#29: gracefully shutting down
2025/12/19 00:49:48 [notice] 31#31: exiting
2025/12/19 00:49:48 [notice] 27#27: exit
2025/12/19 00:49:48 [notice] 29#29: exiting
2025/12/19 00:49:48 [notice] 22#22: gracefully shutting down
2025/12/19 00:49:48 [notice] 33#33: gracefully shutting down
2025/12/19 00:49:48 [notice] 24#24: exiting
2025/12/19 00:49:48 [notice] 25#25: exiting
2025/12/19 00:49:48 [notice] 22#22: exiting
2025/12/19 00:49:48 [notice] 33#33: exiting
2025/12/19 00:49:48 [notice] 23#23: gracefully shutting down
2025/12/19 00:49:48 [notice] 23#23: exiting
2025/12/19 00:49:48 [notice] 31#31: exit
2025/12/19 00:49:48 [notice] 35#35: gracefully shutting down
2025/12/19 00:49:48 [notice] 32#32: exit
2025/12/19 00:49:48 [notice] 41#41: gracefully shutting down
2025/12/19 00:49:48 [notice] 28#28: gracefully shutting down
2025/12/19 00:49:48 [notice] 33#33: exit
2025/12/19 00:49:48 [notice] 28#28: exiting
2025/12/19 00:49:48 [notice] 35#35: exiting
2025/12/19 00:49:48 [notice] 23#23: exit
2025/12/19 00:49:48 [notice] 22#22: exit
2025/12/19 00:49:48 [notice] 35#35: exit
2025/12/19 00:49:48 [notice] 25#25: exit
2025/12/19 00:49:48 [notice] 26#26: exiting
2025/12/19 00:49:48 [notice] 24#24: exit
2025/12/19 00:49:48 [notice] 41#41: exiting
2025/12/19 00:49:48 [notice] 28#28: exit
2025/12/19 00:49:48 [notice] 46#46: gracefully shutting down
2025/12/19 00:49:48 [notice] 46#46: exiting
2025/12/19 00:49:48 [notice] 37#37: gracefully shutting down
2025/12/19 00:49:48 [notice] 38#38: gracefully shutting down
2025/12/19 00:49:48 [notice] 37#37: exiting
2025/12/19 00:49:48 [notice] 46#46: exit
2025/12/19 00:49:48 [notice] 38#38: exiting
2025/12/19 00:49:48 [notice] 38#38: exit
2025/12/19 00:49:48 [notice] 37#37: exit
2025/12/19 00:49:48 [notice] 52#52: gracefully shutting down
2025/12/19 00:49:48 [notice] 52#52: exiting
2025/12/19 00:49:48 [notice] 40#40: gracefully shutting down
2025/12/19 00:49:48 [notice] 40#40: exiting
2025/12/19 00:49:48 [notice] 45#45: gracefully shutting down
2025/12/19 00:49:48 [notice] 52#52: exit
2025/12/19 00:49:48 [notice] 45#45: exiting
2025/12/19 00:49:48 [notice] 47#47: gracefully shutting down
2025/12/19 00:49:48 [notice] 47#47: exiting
2025/12/19 00:49:48 [notice] 40#40: exit
2025/12/19 00:49:48 [notice] 45#45: exit
2025/12/19 00:49:48 [notice] 47#47: exit
2025/12/19 00:49:48 [notice] 41#41: exit
2025/12/19 00:49:48 [notice] 26#26: exit
2025/12/19 00:49:48 [notice] 29#29: exit
2025/12/19 00:49:48 [notice] 48#48: gracefully shutting down
2025/12/19 00:49:48 [notice] 48#48: exiting
2025/12/19 00:49:48 [notice] 48#48: exit
2025/12/19 00:49:48 [notice] 1#1: signal 17 (SIGCHLD) received from 22
2025/12/19 00:49:48 [notice] 50#50: gracefully shutting down
2025/12/19 00:49:48 [notice] 1#1: worker process 22 exited with code 0
2025/12/19 00:49:48 [notice] 1#1: worker process 23 exited with code 0
2025/12/19 00:49:48 [notice] 1#1: worker process 25 exited with code 0
2025/12/19 00:49:48 [notice] 1#1: worker process 26 exited with code 0
2025/12/19 00:49:48 [notice] 51#51: gracefully shutting down
2025/12/19 00:49:48 [notice] 1#1: worker process 29 exited with code 0
2025/12/19 00:49:48 [notice] 1#1: worker process 31 exited with code 0
2025/12/19 00:49:48 [notice] 1#1: worker process 34 exited with code 0
2025/12/19 00:49:48 [notice] 1#1: worker process 35 exited with code 0
2025/12/19 00:49:48 [notice] 1#1: worker process 37 exited with code 0
2025/12/19 00:49:48 [notice] 1#1: worker process 39 exited with code 0
2025/12/19 00:49:48 [notice] 1#1: worker process 41 exited with code 0
2025/12/19 00:49:48 [notice] 1#1: worker process 42 exited with code 0
2025/12/19 00:49:48 [notice] 1#1: worker process 43 exited with code 0
2025/12/19 00:49:48 [notice] 51#51: exiting
2025/12/19 00:49:48 [notice] 1#1: worker process 45 exited with code 0
2025/12/19 00:49:48 [notice] 1#1: worker process 47 exited with code 0
2025/12/19 00:49:48 [notice] 51#51: exit
2025/12/19 00:49:48 [notice] 44#44: gracefully shutting down
2025/12/19 00:49:48 [notice] 49#49: gracefully shutting down
2025/12/19 00:49:48 [notice] 49#49: exiting
2025/12/19 00:49:48 [notice] 36#36: gracefully shutting down
2025/12/19 00:49:48 [notice] 36#36: exiting
2025/12/19 00:49:48 [notice] 49#49: exit
2025/12/19 00:49:48 [notice] 36#36: exit
2025/12/19 00:49:48 [notice] 50#50: exiting
2025/12/19 00:49:48 [notice] 50#50: exit
2025/12/19 00:49:48 [notice] 44#44: exiting
2025/12/19 00:49:48 [notice] 44#44: exit
2025/12/19 00:49:48 [notice] 1#1: signal 29 (SIGIO) received
2025/12/19 00:49:48 [notice] 1#1: signal 17 (SIGCHLD) received from 26
2025/12/19 00:49:48 [notice] 1#1: worker process 21 exited with code 0
2025/12/19 00:49:48 [notice] 1#1: worker process 24 exited with code 0
2025/12/19 00:49:48 [notice] 1#1: worker process 27 exited with code 0
2025/12/19 00:49:48 [notice] 1#1: worker process 28 exited with code 0
2025/12/19 00:49:48 [notice] 1#1: worker process 30 exited with code 0
2025/12/19 00:49:48 [notice] 1#1: worker process 32 exited with code 0
2025/12/19 00:49:48 [notice] 1#1: worker process 33 exited with code 0
2025/12/19 00:49:48 [notice] 1#1: worker process 36 exited with code 0
2025/12/19 00:49:48 [notice] 1#1: worker process 38 exited with code 0
2025/12/19 00:49:48 [notice] 1#1: worker process 40 exited with code 0
2025/12/19 00:49:48 [notice] 1#1: worker process 44 exited with code 0
2025/12/19 00:49:48 [notice] 1#1: worker process 46 exited with code 0
2025/12/19 00:49:48 [notice] 1#1: worker process 48 exited with code 0
2025/12/19 00:49:48 [notice] 1#1: worker process 49 exited with code 0
2025/12/19 00:49:48 [notice] 1#1: worker process 50 exited with code 0
2025/12/19 00:49:48 [notice] 1#1: worker process 51 exited with code 0
2025/12/19 00:49:48 [notice] 1#1: worker process 52 exited with code 0
2025/12/19 00:49:48 [notice] 1#1: exit
2025/12/19 00:50:18 [notice] 1#1: using the "epoll" event method
2025/12/19 00:50:18 [notice] 1#1: nginx/1.29.3
2025/12/19 00:50:18 [notice] 1#1: built by gcc 14.2.0 (Alpine 14.2.0) 
2025/12/19 00:50:18 [notice] 1#1: OS: Linux 6.6.87.2-microsoft-standard-WSL2
2025/12/19 00:50:18 [notice] 1#1: getrlimit(RLIMIT_NOFILE): 1048576:1048576
2025/12/19 00:50:18 [notice] 1#1: start worker processes
2025/12/19 00:50:18 [notice] 1#1: start worker process 21
2025/12/19 00:50:18 [notice] 1#1: start worker process 22
2025/12/19 00:50:18 [notice] 1#1: start worker process 23
2025/12/19 00:50:18 [notice] 1#1: start worker process 24
2025/12/19 00:50:18 [notice] 1#1: start worker process 25
2025/12/19 00:50:18 [notice] 1#1: start worker process 26
2025/12/19 00:50:18 [notice] 1#1: start worker process 27
2025/12/19 00:50:18 [notice] 1#1: start worker process 28
2025/12/19 00:50:18 [notice] 1#1: start worker process 29
2025/12/19 00:50:18 [notice] 1#1: start worker process 30
2025/12/19 00:50:18 [notice] 1#1: start worker process 31
2025/12/19 00:50:18 [notice] 1#1: start worker process 32
2025/12/19 00:50:18 [notice] 1#1: start worker process 33
2025/12/19 00:50:18 [notice] 1#1: start worker process 34
2025/12/19 00:50:18 [notice] 1#1: start worker process 35
2025/12/19 00:50:18 [notice] 1#1: start worker process 36
2025/12/19 00:50:18 [notice] 1#1: start worker process 37
2025/12/19 00:50:18 [notice] 1#1: start worker process 38
2025/12/19 00:50:18 [notice] 1#1: start worker process 39
2025/12/19 00:50:18 [notice] 1#1: start worker process 40
2025/12/19 00:50:18 [notice] 1#1: start worker process 41
2025/12/19 00:50:18 [notice] 1#1: start worker process 42
2025/12/19 00:50:18 [notice] 1#1: start worker process 43
2025/12/19 00:50:18 [notice] 1#1: start worker process 44
2025/12/19 00:50:18 [notice] 1#1: start worker process 45
2025/12/19 00:50:18 [notice] 1#1: start worker process 46
2025/12/19 00:50:18 [notice] 1#1: start worker process 47
2025/12/19 00:50:18 [notice] 1#1: start worker process 48
2025/12/19 00:50:18 [notice] 1#1: start worker process 49
2025/12/19 00:50:18 [notice] 1#1: start worker process 50
2025/12/19 00:50:18 [notice] 1#1: start worker process 51
2025/12/19 00:50:18 [notice] 1#1: start worker process 52
